<?xml version="1.0" encoding="UTF-8"?>
<!-- Generated by org.testng.reporters.JUnitXMLReporter -->
<testsuite hostname="LIN35006143" name="Mcd" tests="6" failures="0" timestamp="8 Mar 2021 04:35:24 GMT" time="726.9" errors="0">
  <testcase name="Restaurant_Feedback_Positive_scenario" time="139.835" classname="com.Mcd.qa.TestCases.Positive_Scenarios_All_Forms"/>
  <testcase name="General_Enquire_Positive_scenario" time="79.245" classname="com.Mcd.qa.TestCases.Positive_Scenarios_All_Forms"/>
  <testcase name="Mobile_App_Feedback_Positive_scenario" time="141.667" classname="com.Mcd.qa.TestCases.Positive_Scenarios_All_Forms"/>
  <testcase name="Franchising_Positive_Scenario" time="132.105" classname="com.Mcd.qa.TestCases.Positive_Scenarios_All_Forms"/>
  <testcase name="Trademark_Permission_Positive_scenario" time="151.178" classname="com.Mcd.qa.TestCases.Positive_Scenarios_All_Forms"/>
  <testcase name="CCPA_Mcdonald_May_positive_scenario" time="73.191" classname="com.Mcd.qa.TestCases.Positive_Scenarios_All_Forms"/>
</testsuite> <!-- Mcd -->
