<?xml version="1.0" encoding="UTF-8"?>
<!-- Generated by org.testng.reporters.JUnitXMLReporter -->
<testsuite hostname="LIN80002473" name="Mcd2" tests="49" failures="1" timestamp="5 Nov 2019 10:01:21 GMT" time="24.328" errors="0">
  <testcase name="@AfterMethod tearDown" time="0.0" classname="com.Mcd.qa.TestCases.Restaurant_feedback">
    <failure type="java.lang.NullPointerException">
      <![CDATA[java.lang.NullPointerException
	at com.McD.qa.Extentreport.Extentreport.tearDown(Extentreport.java:62)
	at java.util.concurrent.FutureTask.run(FutureTask.java:266)
	at java.util.concurrent.ThreadPoolExecutor.runWorker(ThreadPoolExecutor.java:1149)
	at java.util.concurrent.ThreadPoolExecutor$Worker.run(ThreadPoolExecutor.java:624)
	at java.lang.Thread.run(Thread.java:748)
... Removed 18 stack frames]]>
    </failure>
  </testcase> <!-- @AfterMethod tearDown -->
  <testcase name="@AfterMethod tearDown" time="0.0" classname="com.Mcd.qa.TestCases.General_EnquireP">
    <skipped/>
  </testcase> <!-- @AfterMethod tearDown -->
  <testcase name="@AfterMethod tearDown" time="0.0" classname="com.Mcd.qa.TestCases.Restaurant_feedback">
    <skipped/>
  </testcase> <!-- @AfterMethod tearDown -->
  <testcase name="@AfterMethod tearDown" time="0.0" classname="com.Mcd.qa.TestCases.General_EnquireP">
    <skipped/>
  </testcase> <!-- @AfterMethod tearDown -->
  <testcase name="@AfterMethod tearDown" time="0.0" classname="com.Mcd.qa.TestCases.Restaurant_feedback">
    <skipped/>
  </testcase> <!-- @AfterMethod tearDown -->
  <testcase name="@AfterMethod tearDown" time="0.0" classname="com.Mcd.qa.TestCases.General_EnquireP">
    <skipped/>
  </testcase> <!-- @AfterMethod tearDown -->
  <testcase name="@AfterMethod tearDown" time="0.0" classname="com.Mcd.qa.TestCases.Restaurant_feedback">
    <skipped/>
  </testcase> <!-- @AfterMethod tearDown -->
  <testcase name="@AfterMethod tearDown" time="0.0" classname="com.Mcd.qa.TestCases.General_EnquireP">
    <skipped/>
  </testcase> <!-- @AfterMethod tearDown -->
  <testcase name="@AfterMethod tearDown" time="0.0" classname="com.Mcd.qa.TestCases.Restaurant_feedback">
    <skipped/>
  </testcase> <!-- @AfterMethod tearDown -->
  <testcase name="@AfterMethod tearDown" time="0.0" classname="com.Mcd.qa.TestCases.General_EnquireP">
    <skipped/>
  </testcase> <!-- @AfterMethod tearDown -->
  <testcase name="@AfterMethod tearDown" time="0.0" classname="com.Mcd.qa.TestCases.Restaurant_feedback">
    <skipped/>
  </testcase> <!-- @AfterMethod tearDown -->
  <testcase name="@AfterMethod tearDown" time="0.0" classname="com.Mcd.qa.TestCases.General_EnquireP">
    <skipped/>
  </testcase> <!-- @AfterMethod tearDown -->
  <testcase name="@AfterMethod tearDown" time="0.0" classname="com.Mcd.qa.TestCases.Restaurant_feedback">
    <skipped/>
  </testcase> <!-- @AfterMethod tearDown -->
  <testcase name="@AfterMethod tearDown" time="0.0" classname="com.Mcd.qa.TestCases.General_EnquireP">
    <skipped/>
  </testcase> <!-- @AfterMethod tearDown -->
  <testcase name="@AfterMethod tearDown" time="0.0" classname="com.Mcd.qa.TestCases.Restaurant_feedback">
    <skipped/>
  </testcase> <!-- @AfterMethod tearDown -->
  <testcase name="@AfterMethod tearDown" time="0.0" classname="com.Mcd.qa.TestCases.General_EnquireP">
    <skipped/>
  </testcase> <!-- @AfterMethod tearDown -->
  <testcase name="@AfterMethod tearDown" time="0.0" classname="com.Mcd.qa.TestCases.Restaurant_feedback">
    <skipped/>
  </testcase> <!-- @AfterMethod tearDown -->
  <testcase name="@AfterMethod tearDown" time="0.0" classname="com.Mcd.qa.TestCases.General_EnquireP">
    <skipped/>
  </testcase> <!-- @AfterMethod tearDown -->
  <testcase name="@AfterMethod tearDown" time="0.0" classname="com.Mcd.qa.TestCases.Restaurant_feedback">
    <skipped/>
  </testcase> <!-- @AfterMethod tearDown -->
  <testcase name="@AfterMethod tearDown" time="0.0" classname="com.Mcd.qa.TestCases.General_EnquireP">
    <skipped/>
  </testcase> <!-- @AfterMethod tearDown -->
  <testcase name="@AfterMethod tearDown" time="0.0" classname="com.Mcd.qa.TestCases.Restaurant_feedback">
    <skipped/>
  </testcase> <!-- @AfterMethod tearDown -->
  <testcase name="@AfterMethod tearDown" time="0.0" classname="com.Mcd.qa.TestCases.General_EnquireP">
    <skipped/>
  </testcase> <!-- @AfterMethod tearDown -->
  <testcase name="@AfterMethod tearDown" time="0.0" classname="com.Mcd.qa.TestCases.Restaurant_feedback">
    <skipped/>
  </testcase> <!-- @AfterMethod tearDown -->
  <testcase name="@AfterMethod tearDown" time="0.0" classname="com.Mcd.qa.TestCases.General_EnquireP">
    <skipped/>
  </testcase> <!-- @AfterMethod tearDown -->
  <testcase name="@AfterMethod tearDown" time="0.0" classname="com.Mcd.qa.TestCases.Restaurant_feedback">
    <skipped/>
  </testcase> <!-- @AfterMethod tearDown -->
  <testcase name="@AfterMethod tearDown" time="0.0" classname="com.Mcd.qa.TestCases.General_EnquireP">
    <skipped/>
  </testcase> <!-- @AfterMethod tearDown -->
  <testcase name="@AfterMethod tearDown" time="0.0" classname="com.Mcd.qa.TestCases.Restaurant_feedback">
    <skipped/>
  </testcase> <!-- @AfterMethod tearDown -->
  <testcase name="@AfterMethod tearDown" time="0.0" classname="com.Mcd.qa.TestCases.General_EnquireP">
    <skipped/>
  </testcase> <!-- @AfterMethod tearDown -->
  <testcase name="@AfterMethod tearDown" time="0.0" classname="com.Mcd.qa.TestCases.Restaurant_feedback">
    <skipped/>
  </testcase> <!-- @AfterMethod tearDown -->
  <testcase name="@AfterMethod tearDown" time="0.0" classname="com.Mcd.qa.TestCases.General_EnquireP">
    <skipped/>
  </testcase> <!-- @AfterMethod tearDown -->
  <testcase name="@AfterMethod tearDown" time="0.0" classname="com.Mcd.qa.TestCases.Restaurant_feedback">
    <skipped/>
  </testcase> <!-- @AfterMethod tearDown -->
  <testcase name="@AfterMethod tearDown" time="0.0" classname="com.Mcd.qa.TestCases.General_EnquireP">
    <skipped/>
  </testcase> <!-- @AfterMethod tearDown -->
  <testcase name="@AfterMethod tearDown" time="0.0" classname="com.Mcd.qa.TestCases.Restaurant_feedback">
    <skipped/>
  </testcase> <!-- @AfterMethod tearDown -->
  <testcase name="@AfterMethod tearDown" time="0.0" classname="com.Mcd.qa.TestCases.General_EnquireP">
    <skipped/>
  </testcase> <!-- @AfterMethod tearDown -->
  <testcase name="@AfterMethod tearDown" time="0.0" classname="com.Mcd.qa.TestCases.Restaurant_feedback">
    <skipped/>
  </testcase> <!-- @AfterMethod tearDown -->
  <testcase name="@AfterMethod tearDown" time="0.0" classname="com.Mcd.qa.TestCases.General_EnquireP">
    <skipped/>
  </testcase> <!-- @AfterMethod tearDown -->
  <testcase name="@AfterMethod tearDown" time="0.0" classname="com.Mcd.qa.TestCases.Restaurant_feedback">
    <skipped/>
  </testcase> <!-- @AfterMethod tearDown -->
  <testcase name="@AfterMethod tearDown" time="0.0" classname="com.Mcd.qa.TestCases.Restaurant_feedback">
    <skipped/>
  </testcase> <!-- @AfterMethod tearDown -->
  <testcase name="@AfterMethod tearDown" time="0.0" classname="com.Mcd.qa.TestCases.Restaurant_feedback">
    <skipped/>
  </testcase> <!-- @AfterMethod tearDown -->
  <testcase name="@AfterMethod tearDown" time="0.0" classname="com.Mcd.qa.TestCases.Restaurant_feedback">
    <skipped/>
  </testcase> <!-- @AfterMethod tearDown -->
  <testcase name="@AfterMethod tearDown" time="0.0" classname="com.Mcd.qa.TestCases.Restaurant_feedback">
    <skipped/>
  </testcase> <!-- @AfterMethod tearDown -->
  <testcase name="@AfterMethod tearDown" time="0.0" classname="com.Mcd.qa.TestCases.Restaurant_feedback">
    <skipped/>
  </testcase> <!-- @AfterMethod tearDown -->
  <testcase name="@AfterMethod tearDown" time="0.0" classname="com.Mcd.qa.TestCases.Restaurant_feedback">
    <skipped/>
  </testcase> <!-- @AfterMethod tearDown -->
  <testcase name="@AfterMethod tearDown" time="0.0" classname="com.Mcd.qa.TestCases.Restaurant_feedback">
    <skipped/>
  </testcase> <!-- @AfterMethod tearDown -->
  <testcase name="@AfterMethod tearDown" time="0.0" classname="com.Mcd.qa.TestCases.Restaurant_feedback">
    <skipped/>
  </testcase> <!-- @AfterMethod tearDown -->
  <testcase name="@AfterMethod tearDown" time="0.0" classname="com.Mcd.qa.TestCases.Restaurant_feedback">
    <skipped/>
  </testcase> <!-- @AfterMethod tearDown -->
  <testcase name="@AfterMethod tearDown" time="0.0" classname="com.Mcd.qa.TestCases.Restaurant_feedback">
    <skipped/>
  </testcase> <!-- @AfterMethod tearDown -->
  <testcase name="@AfterMethod tearDown" time="0.0" classname="com.Mcd.qa.TestCases.Restaurant_feedback">
    <skipped/>
  </testcase> <!-- @AfterMethod tearDown -->
  <testcase name="@AfterTest endreport" time="0.0" classname="com.Mcd.qa.TestCases.General_EnquireP">
    <skipped/>
  </testcase> <!-- @AfterTest endreport -->
  <testcase name="Open_URL" time="10.237" classname="com.Mcd.qa.TestCases.General_EnquireP"/>
  <testcase name="Open_URL" time="0.04" classname="com.Mcd.qa.TestCases.Restaurant_feedback">
    <failure type="java.lang.NullPointerException">
      <![CDATA[java.lang.NullPointerException
	at com.Mcd.qa.TestCases.Restaurant_feedback.Open_URL(Restaurant_feedback.java:21)
	at java.util.concurrent.FutureTask.run(FutureTask.java:266)
	at java.util.concurrent.ThreadPoolExecutor.runWorker(ThreadPoolExecutor.java:1149)
	at java.util.concurrent.ThreadPoolExecutor$Worker.run(ThreadPoolExecutor.java:624)
	at java.lang.Thread.run(Thread.java:748)
... Removed 16 stack frames]]>
    </failure>
  </testcase> <!-- Open_URL -->
  <testcase name="General_Inqury" time="0.0" classname="com.Mcd.qa.TestCases.General_EnquireP">
    <skipped/>
  </testcase> <!-- General_Inqury -->
  <testcase name="Restaurantlabel_image" time="0.001" classname="com.Mcd.qa.TestCases.Restaurant_feedback">
    <skipped/>
  </testcase> <!-- Restaurantlabel_image -->
  <testcase name="Pick_Different_Topic" time="0.001" classname="com.Mcd.qa.TestCases.General_EnquireP">
    <skipped/>
  </testcase> <!-- Pick_Different_Topic -->
  <testcase name="Pick_Different_topic_Dropdown" time="0.002" classname="com.Mcd.qa.TestCases.Restaurant_feedback">
    <skipped/>
  </testcase> <!-- Pick_Different_topic_Dropdown -->
  <testcase name="We_Want_to_Hear_From_You" time="0.0" classname="com.Mcd.qa.TestCases.General_EnquireP">
    <skipped/>
  </testcase> <!-- We_Want_to_Hear_From_You -->
  <testcase name="Indicate_Pleaseselect__Searchlabels" time="0.003" classname="com.Mcd.qa.TestCases.Restaurant_feedback">
    <skipped/>
  </testcase> <!-- Indicate_Pleaseselect__Searchlabels -->
  <testcase name="What_is_This_About" time="0.002" classname="com.Mcd.qa.TestCases.General_EnquireP">
    <skipped/>
  </testcase> <!-- What_is_This_About -->
  <testcase name="Restaurant_Locator" time="0.002" classname="com.Mcd.qa.TestCases.Restaurant_feedback">
    <skipped/>
  </testcase> <!-- Restaurant_Locator -->
  <testcase name="Tell_Us_About_It" time="0.002" classname="com.Mcd.qa.TestCases.General_EnquireP">
    <skipped/>
  </testcase> <!-- Tell_Us_About_It -->
  <testcase name="List_view" time="0.0" classname="com.Mcd.qa.TestCases.Restaurant_feedback">
    <skipped/>
  </testcase> <!-- List_view -->
  <testcase name="Frist_Name" time="0.0" classname="com.Mcd.qa.TestCases.General_EnquireP">
    <skipped/>
  </testcase> <!-- Frist_Name -->
  <testcase name="cant_find_the_location" time="0.001" classname="com.Mcd.qa.TestCases.Restaurant_feedback">
    <skipped/>
  </testcase> <!-- cant_find_the_location -->
  <testcase name="Last_Name" time="0.001" classname="com.Mcd.qa.TestCases.General_EnquireP">
    <skipped/>
  </testcase> <!-- Last_Name -->
  <testcase name="Restaurant_address" time="0.0" classname="com.Mcd.qa.TestCases.Restaurant_feedback">
    <skipped/>
  </testcase> <!-- Restaurant_address -->
  <testcase name="Address" time="0.0" classname="com.Mcd.qa.TestCases.General_EnquireP">
    <skipped/>
  </testcase> <!-- Address -->
  <testcase name="City_cont_find_location" time="0.0" classname="com.Mcd.qa.TestCases.Restaurant_feedback">
    <skipped/>
  </testcase> <!-- City_cont_find_location -->
  <testcase name="AptSuite" time="0.001" classname="com.Mcd.qa.TestCases.General_EnquireP">
    <skipped/>
  </testcase> <!-- AptSuite -->
  <testcase name="State_cont_find" time="0.002" classname="com.Mcd.qa.TestCases.Restaurant_feedback">
    <skipped/>
  </testcase> <!-- State_cont_find -->
  <testcase name="City" time="0.0" classname="com.Mcd.qa.TestCases.General_EnquireP">
    <skipped/>
  </testcase> <!-- City -->
  <testcase name="Popular_landmark_near_therestaurant" time="0.0" classname="com.Mcd.qa.TestCases.Restaurant_feedback">
    <skipped/>
  </testcase> <!-- Popular_landmark_near_therestaurant -->
  <testcase name="State" time="0.0" classname="com.Mcd.qa.TestCases.General_EnquireP">
    <skipped/>
  </testcase> <!-- State -->
  <testcase name="Vist_date_month" time="0.0" classname="com.Mcd.qa.TestCases.Restaurant_feedback">
    <skipped/>
  </testcase> <!-- Vist_date_month -->
  <testcase name="Zip" time="0.001" classname="com.Mcd.qa.TestCases.General_EnquireP">
    <skipped/>
  </testcase> <!-- Zip -->
  <testcase name="Day_and_Year" time="0.006" classname="com.Mcd.qa.TestCases.Restaurant_feedback">
    <skipped/>
  </testcase> <!-- Day_and_Year -->
  <testcase name="Email" time="0.0" classname="com.Mcd.qa.TestCases.General_EnquireP">
    <skipped/>
  </testcase> <!-- Email -->
  <testcase name="visit_time_AM_PM" time="0.0" classname="com.Mcd.qa.TestCases.Restaurant_feedback">
    <skipped/>
  </testcase> <!-- visit_time_AM_PM -->
  <testcase name="Confirm_Email" time="0.006" classname="com.Mcd.qa.TestCases.General_EnquireP">
    <skipped/>
  </testcase> <!-- Confirm_Email -->
  <testcase name="what_was_you_takeaway_preference" time="0.0" classname="com.Mcd.qa.TestCases.Restaurant_feedback">
    <skipped/>
  </testcase> <!-- what_was_you_takeaway_preference -->
  <testcase name="phone_number" time="0.0" classname="com.Mcd.qa.TestCases.General_EnquireP">
    <skipped/>
  </testcase> <!-- phone_number -->
  <testcase name="Give_us_your_feedback" time="0.0" classname="com.Mcd.qa.TestCases.Restaurant_feedback">
    <skipped/>
  </testcase> <!-- Give_us_your_feedback -->
  <testcase name="By_Selecting_Submit" time="0.0" classname="com.Mcd.qa.TestCases.General_EnquireP">
    <skipped/>
  </testcase> <!-- By_Selecting_Submit -->
  <testcase name="First_name" time="0.001" classname="com.Mcd.qa.TestCases.Restaurant_feedback">
    <skipped/>
  </testcase> <!-- First_name -->
  <testcase name="Global_Error_Message" time="0.0" classname="com.Mcd.qa.TestCases.General_EnquireP">
    <skipped/>
  </testcase> <!-- Global_Error_Message -->
  <testcase name="Last_Name" time="0.001" classname="com.Mcd.qa.TestCases.Restaurant_feedback">
    <skipped/>
  </testcase> <!-- Last_Name -->
  <testcase name="Positive_scenario" time="0.001" classname="com.Mcd.qa.TestCases.General_EnquireP">
    <skipped/>
  </testcase> <!-- Positive_scenario -->
  <testcase name="Address_USonly" time="0.0" classname="com.Mcd.qa.TestCases.Restaurant_feedback">
    <skipped/>
  </testcase> <!-- Address_USonly -->
  <testcase name="Apt_Suite" time="0.0" classname="com.Mcd.qa.TestCases.Restaurant_feedback">
    <skipped/>
  </testcase> <!-- Apt_Suite -->
  <testcase name="City" time="0.001" classname="com.Mcd.qa.TestCases.Restaurant_feedback">
    <skipped/>
  </testcase> <!-- City -->
  <testcase name="State" time="0.0" classname="com.Mcd.qa.TestCases.Restaurant_feedback">
    <skipped/>
  </testcase> <!-- State -->
  <testcase name="Zip" time="0.0" classname="com.Mcd.qa.TestCases.Restaurant_feedback">
    <skipped/>
  </testcase> <!-- Zip -->
  <testcase name="Please_Indicate_Whether_You" time="0.0" classname="com.Mcd.qa.TestCases.Restaurant_feedback">
    <skipped/>
  </testcase> <!-- Please_Indicate_Whether_You -->
  <testcase name="Email" time="0.0" classname="com.Mcd.qa.TestCases.Restaurant_feedback">
    <skipped/>
  </testcase> <!-- Email -->
  <testcase name="Confirm_Email" time="0.0" classname="com.Mcd.qa.TestCases.Restaurant_feedback">
    <skipped/>
  </testcase> <!-- Confirm_Email -->
  <testcase name="Phone_Number" time="0.0" classname="com.Mcd.qa.TestCases.Restaurant_feedback">
    <skipped/>
  </testcase> <!-- Phone_Number -->
  <testcase name="By_Selecting_Submit" time="0.0" classname="com.Mcd.qa.TestCases.Restaurant_feedback">
    <skipped/>
  </testcase> <!-- By_Selecting_Submit -->
  <testcase name="Global_Error_Message" time="0.001" classname="com.Mcd.qa.TestCases.Restaurant_feedback">
    <skipped/>
  </testcase> <!-- Global_Error_Message -->
  <testcase name="Positive_scenario" time="0.001" classname="com.Mcd.qa.TestCases.Restaurant_feedback">
    <skipped/>
  </testcase> <!-- Positive_scenario -->
</testsuite> <!-- Mcd2 -->
