<?xml version="1.0" encoding="UTF-8"?>
<testsuite xmlns:xsi="http://www.w3.org/2001/XMLSchema-instance" xsi:noNamespaceSchemaLocation="https://maven.apache.org/surefire/maven-surefire-plugin/xsd/surefire-test-report.xsd" name="TestSuite" time="503.639" tests="6" errors="0" skipped="0" failures="0">
  <properties>
[...]
</properties>
  <testcase name="Restaurant_Feedback_Positive_scenario" classname="com.Mcd.qa.TestCases.Positive_Scenarios_All_Forms" time="103.8"/>
  <testcase name="General_Enquire_Positive_scenario" classname="com.Mcd.qa.TestCases.Positive_Scenarios_All_Forms" time="58.661"/>
  <testcase name="Mobile_App_Feedback_Positive_scenario" classname="com.Mcd.qa.TestCases.Positive_Scenarios_All_Forms" time="82.18"/>
  <testcase name="Franchising_Positive_Scenario" classname="com.Mcd.qa.TestCases.Positive_Scenarios_All_Forms" time="93.347"/>
  <testcase name="Trademark_Permission_Positive_scenario" classname="com.Mcd.qa.TestCases.Positive_Scenarios_All_Forms" time="97.283"/>
  <testcase name="CCPA_Mcdonald_May_positive_scenario" classname="com.Mcd.qa.TestCases.Positive_Scenarios_All_Forms" time="59.554"/>
</testsuite>