<?xml version="1.0" encoding="UTF-8"?>
<!-- Generated by org.testng.reporters.JUnitXMLReporter -->
<testsuite hostname="LIN80002473" name="com.Mcd.qa.TestCases" tests="80" failures="0" timestamp="18 Nov 2019 17:34:08 GMT" time="0.708" errors="0">
  <testcase name="@BeforeClass setup" time="0.0" classname="com.Mcd.qa.TestCases.Genaral_enquire">
    <failure type="org.testng.TestNGException" message="
Parameter &amp;apos;browser&amp;apos; is required by @Configuration on method setup but has not been marked @Optional or defined
in C:\Users\vpkumar\AppData\Local\Temp\testng-eclipse-70957834\testng-customsuite.xml">
      <![CDATA[org.testng.TestNGException: 
Parameter 'browser' is required by @Configuration on method setup but has not been marked @Optional or defined
in C:\Users\vpkumar\AppData\Local\Temp\testng-eclipse-70957834\testng-customsuite.xml
	at org.testng.internal.Parameters.createParameters(Parameters.java:154)
	at org.testng.internal.Parameters.createParameters(Parameters.java:361)
	at org.testng.internal.Parameters.createConfigurationParameters(Parameters.java:84)
	at org.testng.internal.Invoker.invokeConfigurations(Invoker.java:201)
	at org.testng.internal.Invoker.invokeConfigurations(Invoker.java:142)
	at org.testng.internal.TestMethodWorker.invokeBeforeClassMethods(TestMethodWorker.java:178)
	at org.testng.internal.TestMethodWorker.run(TestMethodWorker.java:108)
	at org.testng.TestRunner.privateRun(TestRunner.java:782)
	at org.testng.TestRunner.run(TestRunner.java:632)
	at org.testng.SuiteRunner.runTest(SuiteRunner.java:366)
	at org.testng.SuiteRunner.runSequentially(SuiteRunner.java:361)
	at org.testng.SuiteRunner.privateRun(SuiteRunner.java:319)
	at org.testng.SuiteRunner.run(SuiteRunner.java:268)
	at org.testng.SuiteRunnerWorker.runSuite(SuiteRunnerWorker.java:52)
	at org.testng.SuiteRunnerWorker.run(SuiteRunnerWorker.java:86)
	at org.testng.TestNG.runSuitesSequentially(TestNG.java:1244)
	at org.testng.TestNG.runSuitesLocally(TestNG.java:1169)
	at org.testng.TestNG.run(TestNG.java:1064)
	at org.testng.remote.RemoteTestNG.run(RemoteTestNG.java:113)
	at org.testng.remote.RemoteTestNG.initAndRun(RemoteTestNG.java:206)
	at org.testng.remote.RemoteTestNG.main(RemoteTestNG.java:177)
]]>
    </failure>
  </testcase> <!-- @BeforeClass setup -->
  <testcase name="@AfterMethod tearDown" time="0.0" classname="com.Mcd.qa.TestCases.Genaral_enquire">
    <skipped/>
  </testcase> <!-- @AfterMethod tearDown -->
  <testcase name="@AfterMethod tearDown" time="0.0" classname="com.Mcd.qa.TestCases.Genaral_enquire">
    <skipped/>
  </testcase> <!-- @AfterMethod tearDown -->
  <testcase name="@AfterMethod tearDown" time="0.0" classname="com.Mcd.qa.TestCases.Genaral_enquire">
    <skipped/>
  </testcase> <!-- @AfterMethod tearDown -->
  <testcase name="@AfterMethod tearDown" time="0.0" classname="com.Mcd.qa.TestCases.Genaral_enquire">
    <skipped/>
  </testcase> <!-- @AfterMethod tearDown -->
  <testcase name="@BeforeClass setup" time="0.0" classname="com.Mcd.qa.TestCases.General_EnquireP">
    <skipped/>
  </testcase> <!-- @BeforeClass setup -->
  <testcase name="@AfterMethod tearDown" time="0.0" classname="com.Mcd.qa.TestCases.General_EnquireP">
    <skipped/>
  </testcase> <!-- @AfterMethod tearDown -->
  <testcase name="@AfterMethod tearDown" time="0.0" classname="com.Mcd.qa.TestCases.General_EnquireP">
    <skipped/>
  </testcase> <!-- @AfterMethod tearDown -->
  <testcase name="@AfterMethod tearDown" time="0.0" classname="com.Mcd.qa.TestCases.General_EnquireP">
    <skipped/>
  </testcase> <!-- @AfterMethod tearDown -->
  <testcase name="@AfterMethod tearDown" time="0.0" classname="com.Mcd.qa.TestCases.General_EnquireP">
    <skipped/>
  </testcase> <!-- @AfterMethod tearDown -->
  <testcase name="@AfterMethod tearDown" time="0.0" classname="com.Mcd.qa.TestCases.General_EnquireP">
    <skipped/>
  </testcase> <!-- @AfterMethod tearDown -->
  <testcase name="@AfterMethod tearDown" time="0.0" classname="com.Mcd.qa.TestCases.General_EnquireP">
    <skipped/>
  </testcase> <!-- @AfterMethod tearDown -->
  <testcase name="@AfterMethod tearDown" time="0.0" classname="com.Mcd.qa.TestCases.General_EnquireP">
    <skipped/>
  </testcase> <!-- @AfterMethod tearDown -->
  <testcase name="@AfterMethod tearDown" time="0.0" classname="com.Mcd.qa.TestCases.General_EnquireP">
    <skipped/>
  </testcase> <!-- @AfterMethod tearDown -->
  <testcase name="@AfterMethod tearDown" time="0.0" classname="com.Mcd.qa.TestCases.General_EnquireP">
    <skipped/>
  </testcase> <!-- @AfterMethod tearDown -->
  <testcase name="@AfterMethod tearDown" time="0.0" classname="com.Mcd.qa.TestCases.General_EnquireP">
    <skipped/>
  </testcase> <!-- @AfterMethod tearDown -->
  <testcase name="@AfterMethod tearDown" time="0.0" classname="com.Mcd.qa.TestCases.General_EnquireP">
    <skipped/>
  </testcase> <!-- @AfterMethod tearDown -->
  <testcase name="@AfterMethod tearDown" time="0.0" classname="com.Mcd.qa.TestCases.General_EnquireP">
    <skipped/>
  </testcase> <!-- @AfterMethod tearDown -->
  <testcase name="@AfterMethod tearDown" time="0.0" classname="com.Mcd.qa.TestCases.General_EnquireP">
    <skipped/>
  </testcase> <!-- @AfterMethod tearDown -->
  <testcase name="@AfterMethod tearDown" time="0.0" classname="com.Mcd.qa.TestCases.General_EnquireP">
    <skipped/>
  </testcase> <!-- @AfterMethod tearDown -->
  <testcase name="@AfterMethod tearDown" time="0.0" classname="com.Mcd.qa.TestCases.General_EnquireP">
    <skipped/>
  </testcase> <!-- @AfterMethod tearDown -->
  <testcase name="@AfterMethod tearDown" time="0.0" classname="com.Mcd.qa.TestCases.General_EnquireP">
    <skipped/>
  </testcase> <!-- @AfterMethod tearDown -->
  <testcase name="@AfterMethod tearDown" time="0.0" classname="com.Mcd.qa.TestCases.General_EnquireP">
    <skipped/>
  </testcase> <!-- @AfterMethod tearDown -->
  <testcase name="@AfterMethod tearDown" time="0.0" classname="com.Mcd.qa.TestCases.General_EnquireP">
    <skipped/>
  </testcase> <!-- @AfterMethod tearDown -->
  <testcase name="@BeforeClass setup" time="0.0" classname="com.Mcd.qa.TestCases.Mobile_App_Feedback">
    <skipped/>
  </testcase> <!-- @BeforeClass setup -->
  <testcase name="@AfterMethod tearDown" time="0.0" classname="com.Mcd.qa.TestCases.Mobile_App_Feedback">
    <skipped/>
  </testcase> <!-- @AfterMethod tearDown -->
  <testcase name="@AfterMethod tearDown" time="0.0" classname="com.Mcd.qa.TestCases.Mobile_App_Feedback">
    <skipped/>
  </testcase> <!-- @AfterMethod tearDown -->
  <testcase name="@AfterMethod tearDown" time="0.0" classname="com.Mcd.qa.TestCases.Mobile_App_Feedback">
    <skipped/>
  </testcase> <!-- @AfterMethod tearDown -->
  <testcase name="@AfterMethod tearDown" time="0.0" classname="com.Mcd.qa.TestCases.Mobile_App_Feedback">
    <skipped/>
  </testcase> <!-- @AfterMethod tearDown -->
  <testcase name="@AfterMethod tearDown" time="0.0" classname="com.Mcd.qa.TestCases.Mobile_App_Feedback">
    <skipped/>
  </testcase> <!-- @AfterMethod tearDown -->
  <testcase name="@AfterMethod tearDown" time="0.0" classname="com.Mcd.qa.TestCases.Mobile_App_Feedback">
    <skipped/>
  </testcase> <!-- @AfterMethod tearDown -->
  <testcase name="@AfterMethod tearDown" time="0.0" classname="com.Mcd.qa.TestCases.Mobile_App_Feedback">
    <skipped/>
  </testcase> <!-- @AfterMethod tearDown -->
  <testcase name="@AfterMethod tearDown" time="0.0" classname="com.Mcd.qa.TestCases.Mobile_App_Feedback">
    <skipped/>
  </testcase> <!-- @AfterMethod tearDown -->
  <testcase name="@AfterMethod tearDown" time="0.0" classname="com.Mcd.qa.TestCases.Mobile_App_Feedback">
    <skipped/>
  </testcase> <!-- @AfterMethod tearDown -->
  <testcase name="@AfterMethod tearDown" time="0.0" classname="com.Mcd.qa.TestCases.Mobile_App_Feedback">
    <skipped/>
  </testcase> <!-- @AfterMethod tearDown -->
  <testcase name="@AfterMethod tearDown" time="0.0" classname="com.Mcd.qa.TestCases.Mobile_App_Feedback">
    <skipped/>
  </testcase> <!-- @AfterMethod tearDown -->
  <testcase name="@AfterMethod tearDown" time="0.0" classname="com.Mcd.qa.TestCases.Mobile_App_Feedback">
    <skipped/>
  </testcase> <!-- @AfterMethod tearDown -->
  <testcase name="@AfterMethod tearDown" time="0.0" classname="com.Mcd.qa.TestCases.Mobile_App_Feedback">
    <skipped/>
  </testcase> <!-- @AfterMethod tearDown -->
  <testcase name="@AfterMethod tearDown" time="0.0" classname="com.Mcd.qa.TestCases.Mobile_App_Feedback">
    <skipped/>
  </testcase> <!-- @AfterMethod tearDown -->
  <testcase name="@AfterMethod tearDown" time="0.0" classname="com.Mcd.qa.TestCases.Mobile_App_Feedback">
    <skipped/>
  </testcase> <!-- @AfterMethod tearDown -->
  <testcase name="@AfterMethod tearDown" time="0.0" classname="com.Mcd.qa.TestCases.Mobile_App_Feedback">
    <skipped/>
  </testcase> <!-- @AfterMethod tearDown -->
  <testcase name="@AfterMethod tearDown" time="0.0" classname="com.Mcd.qa.TestCases.Mobile_App_Feedback">
    <skipped/>
  </testcase> <!-- @AfterMethod tearDown -->
  <testcase name="@AfterMethod tearDown" time="0.0" classname="com.Mcd.qa.TestCases.Mobile_App_Feedback">
    <skipped/>
  </testcase> <!-- @AfterMethod tearDown -->
  <testcase name="@AfterMethod tearDown" time="0.0" classname="com.Mcd.qa.TestCases.Mobile_App_Feedback">
    <skipped/>
  </testcase> <!-- @AfterMethod tearDown -->
  <testcase name="@AfterMethod tearDown" time="0.0" classname="com.Mcd.qa.TestCases.Mobile_App_Feedback">
    <skipped/>
  </testcase> <!-- @AfterMethod tearDown -->
  <testcase name="@AfterMethod tearDown" time="0.0" classname="com.Mcd.qa.TestCases.Mobile_App_Feedback">
    <skipped/>
  </testcase> <!-- @AfterMethod tearDown -->
  <testcase name="@AfterMethod tearDown" time="0.0" classname="com.Mcd.qa.TestCases.Mobile_App_Feedback">
    <skipped/>
  </testcase> <!-- @AfterMethod tearDown -->
  <testcase name="@AfterMethod tearDown" time="0.0" classname="com.Mcd.qa.TestCases.Mobile_App_Feedback">
    <skipped/>
  </testcase> <!-- @AfterMethod tearDown -->
  <testcase name="@AfterMethod tearDown" time="0.0" classname="com.Mcd.qa.TestCases.Mobile_App_Feedback">
    <skipped/>
  </testcase> <!-- @AfterMethod tearDown -->
  <testcase name="@AfterMethod tearDown" time="0.0" classname="com.Mcd.qa.TestCases.Mobile_App_Feedback">
    <skipped/>
  </testcase> <!-- @AfterMethod tearDown -->
  <testcase name="@AfterMethod tearDown" time="0.0" classname="com.Mcd.qa.TestCases.Mobile_App_Feedback">
    <skipped/>
  </testcase> <!-- @AfterMethod tearDown -->
  <testcase name="@AfterMethod tearDown" time="0.0" classname="com.Mcd.qa.TestCases.Mobile_App_Feedback">
    <skipped/>
  </testcase> <!-- @AfterMethod tearDown -->
  <testcase name="@AfterMethod tearDown" time="0.0" classname="com.Mcd.qa.TestCases.Mobile_App_Feedback">
    <skipped/>
  </testcase> <!-- @AfterMethod tearDown -->
  <testcase name="@BeforeClass setup" time="0.0" classname="com.Mcd.qa.TestCases.Restaurant_feedback">
    <skipped/>
  </testcase> <!-- @BeforeClass setup -->
  <testcase name="@AfterMethod tearDown" time="0.0" classname="com.Mcd.qa.TestCases.Restaurant_feedback">
    <skipped/>
  </testcase> <!-- @AfterMethod tearDown -->
  <testcase name="@AfterMethod tearDown" time="0.0" classname="com.Mcd.qa.TestCases.Restaurant_feedback">
    <skipped/>
  </testcase> <!-- @AfterMethod tearDown -->
  <testcase name="@AfterMethod tearDown" time="0.0" classname="com.Mcd.qa.TestCases.Restaurant_feedback">
    <skipped/>
  </testcase> <!-- @AfterMethod tearDown -->
  <testcase name="@AfterMethod tearDown" time="0.0" classname="com.Mcd.qa.TestCases.Restaurant_feedback">
    <skipped/>
  </testcase> <!-- @AfterMethod tearDown -->
  <testcase name="@AfterMethod tearDown" time="0.0" classname="com.Mcd.qa.TestCases.Restaurant_feedback">
    <skipped/>
  </testcase> <!-- @AfterMethod tearDown -->
  <testcase name="@AfterMethod tearDown" time="0.0" classname="com.Mcd.qa.TestCases.Restaurant_feedback">
    <skipped/>
  </testcase> <!-- @AfterMethod tearDown -->
  <testcase name="@AfterMethod tearDown" time="0.0" classname="com.Mcd.qa.TestCases.Restaurant_feedback">
    <skipped/>
  </testcase> <!-- @AfterMethod tearDown -->
  <testcase name="@AfterMethod tearDown" time="0.0" classname="com.Mcd.qa.TestCases.Restaurant_feedback">
    <skipped/>
  </testcase> <!-- @AfterMethod tearDown -->
  <testcase name="@AfterMethod tearDown" time="0.0" classname="com.Mcd.qa.TestCases.Restaurant_feedback">
    <skipped/>
  </testcase> <!-- @AfterMethod tearDown -->
  <testcase name="@AfterMethod tearDown" time="0.0" classname="com.Mcd.qa.TestCases.Restaurant_feedback">
    <skipped/>
  </testcase> <!-- @AfterMethod tearDown -->
  <testcase name="@AfterMethod tearDown" time="0.0" classname="com.Mcd.qa.TestCases.Restaurant_feedback">
    <skipped/>
  </testcase> <!-- @AfterMethod tearDown -->
  <testcase name="@AfterMethod tearDown" time="0.0" classname="com.Mcd.qa.TestCases.Restaurant_feedback">
    <skipped/>
  </testcase> <!-- @AfterMethod tearDown -->
  <testcase name="@AfterMethod tearDown" time="0.0" classname="com.Mcd.qa.TestCases.Restaurant_feedback">
    <skipped/>
  </testcase> <!-- @AfterMethod tearDown -->
  <testcase name="@AfterMethod tearDown" time="0.0" classname="com.Mcd.qa.TestCases.Restaurant_feedback">
    <skipped/>
  </testcase> <!-- @AfterMethod tearDown -->
  <testcase name="@AfterMethod tearDown" time="0.0" classname="com.Mcd.qa.TestCases.Restaurant_feedback">
    <skipped/>
  </testcase> <!-- @AfterMethod tearDown -->
  <testcase name="@AfterMethod tearDown" time="0.0" classname="com.Mcd.qa.TestCases.Restaurant_feedback">
    <skipped/>
  </testcase> <!-- @AfterMethod tearDown -->
  <testcase name="@AfterMethod tearDown" time="0.0" classname="com.Mcd.qa.TestCases.Restaurant_feedback">
    <skipped/>
  </testcase> <!-- @AfterMethod tearDown -->
  <testcase name="@AfterMethod tearDown" time="0.0" classname="com.Mcd.qa.TestCases.Restaurant_feedback">
    <skipped/>
  </testcase> <!-- @AfterMethod tearDown -->
  <testcase name="@AfterMethod tearDown" time="0.0" classname="com.Mcd.qa.TestCases.Restaurant_feedback">
    <skipped/>
  </testcase> <!-- @AfterMethod tearDown -->
  <testcase name="@AfterMethod tearDown" time="0.0" classname="com.Mcd.qa.TestCases.Restaurant_feedback">
    <skipped/>
  </testcase> <!-- @AfterMethod tearDown -->
  <testcase name="@AfterMethod tearDown" time="0.0" classname="com.Mcd.qa.TestCases.Restaurant_feedback">
    <skipped/>
  </testcase> <!-- @AfterMethod tearDown -->
  <testcase name="@AfterMethod tearDown" time="0.0" classname="com.Mcd.qa.TestCases.Restaurant_feedback">
    <skipped/>
  </testcase> <!-- @AfterMethod tearDown -->
  <testcase name="@AfterMethod tearDown" time="0.0" classname="com.Mcd.qa.TestCases.Restaurant_feedback">
    <skipped/>
  </testcase> <!-- @AfterMethod tearDown -->
  <testcase name="@AfterMethod tearDown" time="0.0" classname="com.Mcd.qa.TestCases.Restaurant_feedback">
    <skipped/>
  </testcase> <!-- @AfterMethod tearDown -->
  <testcase name="@AfterMethod tearDown" time="0.0" classname="com.Mcd.qa.TestCases.Restaurant_feedback">
    <skipped/>
  </testcase> <!-- @AfterMethod tearDown -->
  <testcase name="@AfterMethod tearDown" time="0.0" classname="com.Mcd.qa.TestCases.Restaurant_feedback">
    <skipped/>
  </testcase> <!-- @AfterMethod tearDown -->
  <testcase name="@AfterMethod tearDown" time="0.0" classname="com.Mcd.qa.TestCases.Restaurant_feedback">
    <skipped/>
  </testcase> <!-- @AfterMethod tearDown -->
  <testcase name="@AfterMethod tearDown" time="0.0" classname="com.Mcd.qa.TestCases.Restaurant_feedback">
    <skipped/>
  </testcase> <!-- @AfterMethod tearDown -->
  <testcase name="@AfterMethod tearDown" time="0.0" classname="com.Mcd.qa.TestCases.Restaurant_feedback">
    <skipped/>
  </testcase> <!-- @AfterMethod tearDown -->
  <testcase name="@AfterMethod tearDown" time="0.0" classname="com.Mcd.qa.TestCases.Restaurant_feedback">
    <skipped/>
  </testcase> <!-- @AfterMethod tearDown -->
  <testcase name="@AfterTest endreport" time="0.0" classname="com.Mcd.qa.TestCases.Genaral_enquire">
    <skipped/>
  </testcase> <!-- @AfterTest endreport -->
  <testcase name="generalEnquirey" time="0.004" classname="com.Mcd.qa.TestCases.Genaral_enquire">
    <skipped/>
  </testcase> <!-- generalEnquirey -->
  <testcase name="Genaral_havlabel" time="0.002" classname="com.Mcd.qa.TestCases.Genaral_enquire">
    <skipped/>
  </testcase> <!-- Genaral_havlabel -->
  <testcase name="pickdifftopick" time="0.001" classname="com.Mcd.qa.TestCases.Genaral_enquire">
    <skipped/>
  </testcase> <!-- pickdifftopick -->
  <testcase name="first_name" time="0.0" classname="com.Mcd.qa.TestCases.Genaral_enquire">
    <skipped/>
  </testcase> <!-- first_name -->
  <testcase name="Open_URL" time="0.002" classname="com.Mcd.qa.TestCases.General_EnquireP">
    <skipped/>
  </testcase> <!-- Open_URL -->
  <testcase name="General_Inqury" time="0.002" classname="com.Mcd.qa.TestCases.General_EnquireP">
    <skipped/>
  </testcase> <!-- General_Inqury -->
  <testcase name="Pick_Different_Topic" time="0.002" classname="com.Mcd.qa.TestCases.General_EnquireP">
    <skipped/>
  </testcase> <!-- Pick_Different_Topic -->
  <testcase name="We_Want_to_Hear_From_You" time="0.003" classname="com.Mcd.qa.TestCases.General_EnquireP">
    <skipped/>
  </testcase> <!-- We_Want_to_Hear_From_You -->
  <testcase name="What_is_This_About" time="0.0" classname="com.Mcd.qa.TestCases.General_EnquireP">
    <skipped/>
  </testcase> <!-- What_is_This_About -->
  <testcase name="Tell_Us_About_It" time="0.002" classname="com.Mcd.qa.TestCases.General_EnquireP">
    <skipped/>
  </testcase> <!-- Tell_Us_About_It -->
  <testcase name="Frist_Name" time="0.001" classname="com.Mcd.qa.TestCases.General_EnquireP">
    <skipped/>
  </testcase> <!-- Frist_Name -->
  <testcase name="Last_Name" time="0.006" classname="com.Mcd.qa.TestCases.General_EnquireP">
    <skipped/>
  </testcase> <!-- Last_Name -->
  <testcase name="Address" time="0.005" classname="com.Mcd.qa.TestCases.General_EnquireP">
    <skipped/>
  </testcase> <!-- Address -->
  <testcase name="AptSuite" time="0.0" classname="com.Mcd.qa.TestCases.General_EnquireP">
    <skipped/>
  </testcase> <!-- AptSuite -->
  <testcase name="City" time="0.0" classname="com.Mcd.qa.TestCases.General_EnquireP">
    <skipped/>
  </testcase> <!-- City -->
  <testcase name="State" time="0.005" classname="com.Mcd.qa.TestCases.General_EnquireP">
    <skipped/>
  </testcase> <!-- State -->
  <testcase name="Zip" time="0.004" classname="com.Mcd.qa.TestCases.General_EnquireP">
    <skipped/>
  </testcase> <!-- Zip -->
  <testcase name="Email" time="0.004" classname="com.Mcd.qa.TestCases.General_EnquireP">
    <skipped/>
  </testcase> <!-- Email -->
  <testcase name="Confirm_Email" time="0.001" classname="com.Mcd.qa.TestCases.General_EnquireP">
    <skipped/>
  </testcase> <!-- Confirm_Email -->
  <testcase name="phone_number" time="0.0" classname="com.Mcd.qa.TestCases.General_EnquireP">
    <skipped/>
  </testcase> <!-- phone_number -->
  <testcase name="By_Selecting_Submit" time="0.002" classname="com.Mcd.qa.TestCases.General_EnquireP">
    <skipped/>
  </testcase> <!-- By_Selecting_Submit -->
  <testcase name="Positive_scenario" time="0.0" classname="com.Mcd.qa.TestCases.General_EnquireP">
    <skipped/>
  </testcase> <!-- Positive_scenario -->
  <testcase name="Open_URLB" time="0.0" classname="com.Mcd.qa.TestCases.Mobile_App_Feedback">
    <skipped/>
  </testcase> <!-- Open_URLB -->
  <testcase name="Mobile_App_Feedback_Label" time="0.002" classname="com.Mcd.qa.TestCases.Mobile_App_Feedback">
    <skipped/>
  </testcase> <!-- Mobile_App_Feedback_Label -->
  <testcase name="MPick_Different_topic_Dropdown" time="0.0" classname="com.Mcd.qa.TestCases.Mobile_App_Feedback">
    <skipped/>
  </testcase> <!-- MPick_Different_topic_Dropdown -->
  <testcase name="How_can_we_help_you" time="0.004" classname="com.Mcd.qa.TestCases.Mobile_App_Feedback">
    <skipped/>
  </testcase> <!-- How_can_we_help_you -->
  <testcase name="TELL_US_ABOUT_IT" time="0.0" classname="com.Mcd.qa.TestCases.Mobile_App_Feedback">
    <skipped/>
  </testcase> <!-- TELL_US_ABOUT_IT -->
  <testcase name="Mobile_Operating_System" time="0.0" classname="com.Mcd.qa.TestCases.Mobile_App_Feedback">
    <skipped/>
  </testcase> <!-- Mobile_Operating_System -->
  <testcase name="Mobile_App_Version" time="0.001" classname="com.Mcd.qa.TestCases.Mobile_App_Feedback">
    <skipped/>
  </testcase> <!-- Mobile_App_Version -->
  <testcase name="Enter_Your_Comments" time="0.004" classname="com.Mcd.qa.TestCases.Mobile_App_Feedback">
    <skipped/>
  </testcase> <!-- Enter_Your_Comments -->
  <testcase name="If_Appropriate_Label" time="0.001" classname="com.Mcd.qa.TestCases.Mobile_App_Feedback">
    <skipped/>
  </testcase> <!-- If_Appropriate_Label -->
  <testcase name="Restaurant_Locater" time="0.004" classname="com.Mcd.qa.TestCases.Mobile_App_Feedback">
    <skipped/>
  </testcase> <!-- Restaurant_Locater -->
  <testcase name="List_View" time="0.0" classname="com.Mcd.qa.TestCases.Mobile_App_Feedback">
    <skipped/>
  </testcase> <!-- List_View -->
  <testcase name="Cont_find_LocationB" time="0.002" classname="com.Mcd.qa.TestCases.Mobile_App_Feedback">
    <skipped/>
  </testcase> <!-- Cont_find_LocationB -->
  <testcase name="Restaurant_AddrressB" time="0.001" classname="com.Mcd.qa.TestCases.Mobile_App_Feedback">
    <skipped/>
  </testcase> <!-- Restaurant_AddrressB -->
  <testcase name="CityB" time="0.001" classname="com.Mcd.qa.TestCases.Mobile_App_Feedback">
    <skipped/>
  </testcase> <!-- CityB -->
  <testcase name="StateB" time="0.003" classname="com.Mcd.qa.TestCases.Mobile_App_Feedback">
    <skipped/>
  </testcase> <!-- StateB -->
  <testcase name="LandmarkB" time="0.001" classname="com.Mcd.qa.TestCases.Mobile_App_Feedback">
    <skipped/>
  </testcase> <!-- LandmarkB -->
  <testcase name="Visit_DateB" time="0.002" classname="com.Mcd.qa.TestCases.Mobile_App_Feedback">
    <skipped/>
  </testcase> <!-- Visit_DateB -->
  <testcase name="Day_and_yearB" time="0.0" classname="com.Mcd.qa.TestCases.Mobile_App_Feedback">
    <skipped/>
  </testcase> <!-- Day_and_yearB -->
  <testcase name="Visit_Time_AM_PMB" time="0.001" classname="com.Mcd.qa.TestCases.Mobile_App_Feedback">
    <skipped/>
  </testcase> <!-- Visit_Time_AM_PMB -->
  <testcase name="What_was_your_takewayB" time="0.001" classname="com.Mcd.qa.TestCases.Mobile_App_Feedback">
    <skipped/>
  </testcase> <!-- What_was_your_takewayB -->
  <testcase name="First_NameB" time="0.001" classname="com.Mcd.qa.TestCases.Mobile_App_Feedback">
    <skipped/>
  </testcase> <!-- First_NameB -->
  <testcase name="Last_NameB" time="0.002" classname="com.Mcd.qa.TestCases.Mobile_App_Feedback">
    <skipped/>
  </testcase> <!-- Last_NameB -->
  <testcase name="EmailB" time="0.0" classname="com.Mcd.qa.TestCases.Mobile_App_Feedback">
    <skipped/>
  </testcase> <!-- EmailB -->
  <testcase name="Confirm_EmailB" time="0.0" classname="com.Mcd.qa.TestCases.Mobile_App_Feedback">
    <skipped/>
  </testcase> <!-- Confirm_EmailB -->
  <testcase name="Phone_numberB" time="0.001" classname="com.Mcd.qa.TestCases.Mobile_App_Feedback">
    <skipped/>
  </testcase> <!-- Phone_numberB -->
  <testcase name="By_Selecting_SubmitB" time="0.005" classname="com.Mcd.qa.TestCases.Mobile_App_Feedback">
    <skipped/>
  </testcase> <!-- By_Selecting_SubmitB -->
  <testcase name="Global_Error_MessageB" time="0.002" classname="com.Mcd.qa.TestCases.Mobile_App_Feedback">
    <skipped/>
  </testcase> <!-- Global_Error_MessageB -->
  <testcase name="Positive_scenario_Mobileapp" time="0.001" classname="com.Mcd.qa.TestCases.Mobile_App_Feedback">
    <skipped/>
  </testcase> <!-- Positive_scenario_Mobileapp -->
  <testcase name="Open_URL" time="0.001" classname="com.Mcd.qa.TestCases.Restaurant_feedback">
    <skipped/>
  </testcase> <!-- Open_URL -->
  <testcase name="Restaurantlabel_image" time="0.001" classname="com.Mcd.qa.TestCases.Restaurant_feedback">
    <skipped/>
  </testcase> <!-- Restaurantlabel_image -->
  <testcase name="Pick_Different_topic_Dropdown" time="0.003" classname="com.Mcd.qa.TestCases.Restaurant_feedback">
    <skipped/>
  </testcase> <!-- Pick_Different_topic_Dropdown -->
  <testcase name="Indicate_Pleaseselect_Searchlabels" time="0.0" classname="com.Mcd.qa.TestCases.Restaurant_feedback">
    <skipped/>
  </testcase> <!-- Indicate_Pleaseselect_Searchlabels -->
  <testcase name="Restaurant_Locator" time="0.001" classname="com.Mcd.qa.TestCases.Restaurant_feedback">
    <skipped/>
  </testcase> <!-- Restaurant_Locator -->
  <testcase name="List_view" time="0.001" classname="com.Mcd.qa.TestCases.Restaurant_feedback">
    <skipped/>
  </testcase> <!-- List_view -->
  <testcase name="cant_find_the_location" time="0.001" classname="com.Mcd.qa.TestCases.Restaurant_feedback">
    <skipped/>
  </testcase> <!-- cant_find_the_location -->
  <testcase name="Restaurant_address" time="0.0" classname="com.Mcd.qa.TestCases.Restaurant_feedback">
    <skipped/>
  </testcase> <!-- Restaurant_address -->
  <testcase name="City_cont_find_location" time="0.001" classname="com.Mcd.qa.TestCases.Restaurant_feedback">
    <skipped/>
  </testcase> <!-- City_cont_find_location -->
  <testcase name="State_cont_find" time="0.001" classname="com.Mcd.qa.TestCases.Restaurant_feedback">
    <skipped/>
  </testcase> <!-- State_cont_find -->
  <testcase name="Popular_landmark_near_therestaurant" time="0.001" classname="com.Mcd.qa.TestCases.Restaurant_feedback">
    <skipped/>
  </testcase> <!-- Popular_landmark_near_therestaurant -->
  <testcase name="Vist_date_month" time="0.001" classname="com.Mcd.qa.TestCases.Restaurant_feedback">
    <skipped/>
  </testcase> <!-- Vist_date_month -->
  <testcase name="Day_and_Year" time="0.0" classname="com.Mcd.qa.TestCases.Restaurant_feedback">
    <skipped/>
  </testcase> <!-- Day_and_Year -->
  <testcase name="visit_time_AM_PM" time="0.001" classname="com.Mcd.qa.TestCases.Restaurant_feedback">
    <skipped/>
  </testcase> <!-- visit_time_AM_PM -->
  <testcase name="what_was_you_takeaway_preference" time="0.002" classname="com.Mcd.qa.TestCases.Restaurant_feedback">
    <skipped/>
  </testcase> <!-- what_was_you_takeaway_preference -->
  <testcase name="Give_us_your_feedback" time="0.001" classname="com.Mcd.qa.TestCases.Restaurant_feedback">
    <skipped/>
  </testcase> <!-- Give_us_your_feedback -->
  <testcase name="First_name" time="0.001" classname="com.Mcd.qa.TestCases.Restaurant_feedback">
    <skipped/>
  </testcase> <!-- First_name -->
  <testcase name="Last_Name" time="0.0" classname="com.Mcd.qa.TestCases.Restaurant_feedback">
    <skipped/>
  </testcase> <!-- Last_Name -->
  <testcase name="Address_USonly" time="0.0" classname="com.Mcd.qa.TestCases.Restaurant_feedback">
    <skipped/>
  </testcase> <!-- Address_USonly -->
  <testcase name="Apt_Suite" time="0.001" classname="com.Mcd.qa.TestCases.Restaurant_feedback">
    <skipped/>
  </testcase> <!-- Apt_Suite -->
  <testcase name="City" time="0.002" classname="com.Mcd.qa.TestCases.Restaurant_feedback">
    <skipped/>
  </testcase> <!-- City -->
  <testcase name="State" time="0.001" classname="com.Mcd.qa.TestCases.Restaurant_feedback">
    <skipped/>
  </testcase> <!-- State -->
  <testcase name="Zip" time="0.002" classname="com.Mcd.qa.TestCases.Restaurant_feedback">
    <skipped/>
  </testcase> <!-- Zip -->
  <testcase name="Please_Indicate_Whether_You" time="0.001" classname="com.Mcd.qa.TestCases.Restaurant_feedback">
    <skipped/>
  </testcase> <!-- Please_Indicate_Whether_You -->
  <testcase name="Email" time="0.004" classname="com.Mcd.qa.TestCases.Restaurant_feedback">
    <skipped/>
  </testcase> <!-- Email -->
  <testcase name="Confirm_Email" time="0.0" classname="com.Mcd.qa.TestCases.Restaurant_feedback">
    <skipped/>
  </testcase> <!-- Confirm_Email -->
  <testcase name="Phone_Number" time="0.001" classname="com.Mcd.qa.TestCases.Restaurant_feedback">
    <skipped/>
  </testcase> <!-- Phone_Number -->
  <testcase name="By_Selecting_Submit" time="0.0" classname="com.Mcd.qa.TestCases.Restaurant_feedback">
    <skipped/>
  </testcase> <!-- By_Selecting_Submit -->
  <testcase name="Global_Error_Message" time="0.005" classname="com.Mcd.qa.TestCases.Restaurant_feedback">
    <skipped/>
  </testcase> <!-- Global_Error_Message -->
  <testcase name="Positive_scenario" time="0.004" classname="com.Mcd.qa.TestCases.Restaurant_feedback">
    <skipped/>
  </testcase> <!-- Positive_scenario -->
</testsuite> <!-- com.Mcd.qa.TestCases -->
